Arguments: 
  /usr/local/Cellar/node/15.13.0/bin/node /usr/local/Cellar/yarn/1.22.10/libexec/bin/yarn.js add pixijs

PATH: 
  /usr/local/sbin:/Users/semba/perl5/bin:/Users/semba/.cargo/bin:/Users/semba/.deno/bin:/usr/local/bin:/usr/bin:/bin:/usr/sbin:/sbin:/Library/Apple/usr/bin:/Applications/VMware Fusion.app/Contents/Public:/usr/local/MacGPG2/bin:^/dev/null

Yarn version: 
  1.22.10

Node version: 
  15.13.0

Platform: 
  darwin x64

Trace: 
  Error: https://registry.yarnpkg.com/pixijs: Not found
      at Request.params.callback [as _callback] (/usr/local/Cellar/yarn/1.22.10/libexec/lib/cli.js:66988:18)
      at Request.self.callback (/usr/local/Cellar/yarn/1.22.10/libexec/lib/cli.js:140749:22)
      at Request.emit (node:events:369:20)
      at Request.<anonymous> (/usr/local/Cellar/yarn/1.22.10/libexec/lib/cli.js:141721:10)
      at Request.emit (node:events:369:20)
      at IncomingMessage.<anonymous> (/usr/local/Cellar/yarn/1.22.10/libexec/lib/cli.js:141643:12)
      at Object.onceWrapper (node:events:475:28)
      at IncomingMessage.emit (node:events:381:22)
      at endReadableNT (node:internal/streams/readable:1307:12)
      at processTicksAndRejections (node:internal/process/task_queues:81:21)

npm manifest: 
  {
    "name": "only-lines",
    "version": "1.0.0",
    "main": "onlylines.js",
    "license": "MIT",
    "dependencies": {
      "automerge": "^0.14.2",
      "cuid": "^2.1.8",
      "perge": "^1.2.1"
    }
  }

yarn manifest: 
  No manifest

Lockfile: 
  # THIS IS AN AUTOGENERATED FILE. DO NOT EDIT THIS FILE DIRECTLY.
  # yarn lockfile v1
  
  
  "@types/node@^10.14.33":
    version "10.17.56"
    resolved "https://registry.yarnpkg.com/@types/node/-/node-10.17.56.tgz#010c9e047c3ff09ddcd11cbb6cf5912725cdc2b3"
    integrity sha512-LuAa6t1t0Bfw4CuSR0UITsm1hP17YL+u82kfHGrHUWdhlBtH7sa7jGY5z7glGaIj/WDYDkRtgGd+KCjCzxBW1w==
  
  automerge@^0.14.1, automerge@^0.14.2:
    version "0.14.2"
    resolved "https://registry.yarnpkg.com/automerge/-/automerge-0.14.2.tgz#47503df1772fe3d917b80226e074589d9fb5f549"
    integrity sha512-shiwuJHCbNRI23WZyIECLV4Ovf3WiAFJ7P9BH4l5gON1In/UUbjcSJKRygtIirObw2UQumeYxp3F2XBdSvQHnA==
    dependencies:
      immutable "^3.8.2"
      transit-immutable-js "^0.7.0"
      transit-js "^0.8.861"
      uuid "^3.4.0"
  
  cuid@^2.1.8:
    version "2.1.8"
    resolved "https://registry.yarnpkg.com/cuid/-/cuid-2.1.8.tgz#cbb88f954171e0d5747606c0139fb65c5101eac0"
    integrity sha512-xiEMER6E7TlTPnDxrM4eRiC6TRgjNX9xzEZ5U/Se2YJKr7Mq4pJn/2XEHjl3STcSh96GmkHPcBXLES8M29wyyg==
  
  eventemitter3@^3.1.2:
    version "3.1.2"
    resolved "https://registry.yarnpkg.com/eventemitter3/-/eventemitter3-3.1.2.tgz#2d3d48f9c346698fce83a85d7d664e98535df6e7"
    integrity sha512-tvtQIeLVHjDkJYnzf2dgVMxfuSGJeM/7UCG17TT4EumTfNtF+0nebF/4zWOIkCreAbtNqhGEboB6BWrwqNaw4Q==
  
  immutable@^3.8.2:
    version "3.8.2"
    resolved "https://registry.yarnpkg.com/immutable/-/immutable-3.8.2.tgz#c2439951455bb39913daf281376f1530e104adf3"
    integrity sha1-wkOZUUVbs5kT2vKBN28VMOEErfM=
  
  peerjs-js-binarypack@1.0.1:
    version "1.0.1"
    resolved "https://registry.yarnpkg.com/peerjs-js-binarypack/-/peerjs-js-binarypack-1.0.1.tgz#80fa2b61c794a6b16d64253700405e476ada29be"
    integrity sha512-N6aeia3NhdpV7kiGxJV5xQiZZCVEEVjRz2T2C6UZQiBkHWHzUv/oWA4myQLcwBwO8LUoR1KWW5oStvwVesmfCg==
  
  peerjs@^1.2.0:
    version "1.3.2"
    resolved "https://registry.yarnpkg.com/peerjs/-/peerjs-1.3.2.tgz#25cf5e8e7c143b41c2a5760a3d6ec0bb0bbb94d9"
    integrity sha512-+PHfmsC7QGUU8Ye3OLi6tKQZGPCNy7QatUVNw4JtE8alkguF3+DdO5W0bzepqP2OtE9FqH/ltXt37qyvHw2CqA==
    dependencies:
      "@types/node" "^10.14.33"
      eventemitter3 "^3.1.2"
      peerjs-js-binarypack "1.0.1"
      webrtc-adapter "^7.7.1"
  
  perge@^1.2.1:
    version "1.2.1"
    resolved "https://registry.yarnpkg.com/perge/-/perge-1.2.1.tgz#40c65fb026887efde8702bf4af236acba9f561e8"
    integrity sha512-7QqUYQBvzlAbBZV0ryFi+1K+KF2rj1juB4AzKwPOh4+B+sQiAHMvZ/OiI+4NzpQsZ7G605fb7Bg1bVQLroQp6A==
    dependencies:
      automerge "^0.14.1"
      peerjs "^1.2.0"
  
  rtcpeerconnection-shim@^1.2.15:
    version "1.2.15"
    resolved "https://registry.yarnpkg.com/rtcpeerconnection-shim/-/rtcpeerconnection-shim-1.2.15.tgz#e7cc189a81b435324c4949aa3dfb51888684b243"
    integrity sha512-C6DxhXt7bssQ1nHb154lqeL0SXz5Dx4RczXZu2Aa/L1NJFnEVDxFwCBo3fqtuljhHIGceg5JKBV4XJ0gW5JKyw==
    dependencies:
      sdp "^2.6.0"
  
  sdp@^2.12.0, sdp@^2.6.0:
    version "2.12.0"
    resolved "https://registry.yarnpkg.com/sdp/-/sdp-2.12.0.tgz#338a106af7560c86e4523f858349680350d53b22"
    integrity sha512-jhXqQAQVM+8Xj5EjJGVweuEzgtGWb3tmEEpl3CLP3cStInSbVHSg0QWOGQzNq8pSID4JkpeV2mPqlMDLrm0/Vw==
  
  transit-immutable-js@^0.7.0:
    version "0.7.0"
    resolved "https://registry.yarnpkg.com/transit-immutable-js/-/transit-immutable-js-0.7.0.tgz#993e25089b6311ff402140f556276d6d253005d9"
    integrity sha1-mT4lCJtjEf9AIUD1VidtbSUwBdk=
  
  transit-js@^0.8.861:
    version "0.8.867"
    resolved "https://registry.yarnpkg.com/transit-js/-/transit-js-0.8.867.tgz#86ad3f1c33bfd1ebafaadd87911e4361cced2b4f"
    integrity sha512-rOwB4K0z/WZ+E2bV42iN9UV3mvGzmwSv/IpMOKdnFpawPAZT0d1L7f91Y+tZQF7lXSDGk+oln4XyIQXo+pyTGA==
  
  uuid@^3.4.0:
    version "3.4.0"
    resolved "https://registry.yarnpkg.com/uuid/-/uuid-3.4.0.tgz#b23e4358afa8a202fe7a100af1f5f883f02007ee"
    integrity sha512-HjSDRw6gZE5JMggctHBcjVak08+KEVhSIiDzFnT9S9aegmp85S/bReBVTb4QTFaRNptJ9kuYaNhnbNEOkbKb/A==
  
  webrtc-adapter@^7.7.1:
    version "7.7.1"
    resolved "https://registry.yarnpkg.com/webrtc-adapter/-/webrtc-adapter-7.7.1.tgz#b2c227a6144983b35057df67bd984a7d4bfd17f1"
    integrity sha512-TbrbBmiQBL9n0/5bvDdORc6ZfRY/Z7JnEj+EYOD1ghseZdpJ+nF2yx14k3LgQKc7JZnG7HAcL+zHnY25So9d7A==
    dependencies:
      rtcpeerconnection-shim "^1.2.15"
      sdp "^2.12.0"
